mode: set
example/todo-api/internal/handlers/auth_handler.go:15.71,19.2 1 0
example/todo-api/internal/handlers/auth_handler.go:34.49,37.53 2 0
example/todo-api/internal/handlers/auth_handler.go:37.53,40.3 2 0
example/todo-api/internal/handlers/auth_handler.go:42.2,43.37 2 0
example/todo-api/internal/handlers/auth_handler.go:43.37,49.3 2 0
example/todo-api/internal/handlers/auth_handler.go:51.2,52.36 2 0
example/todo-api/internal/handlers/auth_handler.go:52.36,55.3 2 0
example/todo-api/internal/handlers/auth_handler.go:57.2,59.4 1 0
example/todo-api/internal/handlers/todo_handler.go:16.71,20.2 1 0
example/todo-api/internal/handlers/todo_handler.go:33.52,35.16 2 0
example/todo-api/internal/handlers/todo_handler.go:35.16,38.3 2 0
example/todo-api/internal/handlers/todo_handler.go:40.2,42.4 1 0
example/todo-api/internal/handlers/todo_handler.go:59.55,62.48 2 0
example/todo-api/internal/handlers/todo_handler.go:62.48,67.3 2 0
example/todo-api/internal/handlers/todo_handler.go:69.2,70.16 2 0
example/todo-api/internal/handlers/todo_handler.go:70.16,75.3 2 0
example/todo-api/internal/handlers/todo_handler.go:77.2,79.4 1 0
example/todo-api/internal/handlers/todo_handler.go:95.55,98.16 2 0
example/todo-api/internal/handlers/todo_handler.go:98.16,102.3 2 0
example/todo-api/internal/handlers/todo_handler.go:104.2,106.16 2 0
example/todo-api/internal/handlers/todo_handler.go:106.16,109.3 2 0
example/todo-api/internal/handlers/todo_handler.go:111.2,113.4 1 0
example/todo-api/internal/handlers/todo_handler.go:129.58,133.17 3 0
example/todo-api/internal/handlers/todo_handler.go:133.17,137.3 2 0
example/todo-api/internal/handlers/todo_handler.go:139.2,141.16 2 0
example/todo-api/internal/handlers/todo_handler.go:141.16,144.3 2 0
example/todo-api/internal/handlers/todo_handler.go:146.2,148.4 1 0
example/todo-api/internal/handlers/todo_handler.go:165.54,167.16 2 0
example/todo-api/internal/handlers/todo_handler.go:167.16,170.3 2 0
example/todo-api/internal/handlers/todo_handler.go:172.2,173.16 2 0
example/todo-api/internal/handlers/todo_handler.go:173.16,176.3 2 0
example/todo-api/internal/handlers/todo_handler.go:178.2,178.47 1 0
example/todo-api/internal/handlers/todo_handler.go:178.47,183.3 2 0
example/todo-api/internal/handlers/todo_handler.go:185.2,185.52 1 0
example/todo-api/internal/handlers/todo_handler.go:185.52,190.3 2 0
example/todo-api/internal/handlers/todo_handler.go:192.2,194.4 1 0
example/todo-api/internal/handlers/todo_handler.go:210.54,213.16 2 0
example/todo-api/internal/handlers/todo_handler.go:213.16,216.3 2 0
example/todo-api/internal/handlers/todo_handler.go:218.2,218.56 1 0
example/todo-api/internal/handlers/todo_handler.go:218.56,221.3 2 0
example/todo-api/internal/handlers/todo_handler.go:223.2,225.4 1 0
example/todo-api/internal/handlers/user_handler.go:18.102,23.2 1 0
example/todo-api/internal/handlers/user_handler.go:39.54,43.53 2 0
example/todo-api/internal/handlers/user_handler.go:43.53,46.3 2 0
example/todo-api/internal/handlers/user_handler.go:48.2,49.23 2 0
example/todo-api/internal/handlers/user_handler.go:49.23,54.3 2 0
example/todo-api/internal/handlers/user_handler.go:56.2,57.16 2 0
example/todo-api/internal/handlers/user_handler.go:57.16,61.3 3 0
example/todo-api/internal/handlers/user_handler.go:63.2,70.16 3 0
example/todo-api/internal/handlers/user_handler.go:70.16,73.3 2 0
example/todo-api/internal/handlers/user_handler.go:75.2,76.16 2 0
example/todo-api/internal/handlers/user_handler.go:76.16,80.3 3 0
example/todo-api/internal/handlers/user_handler.go:82.2,87.4 1 0
example/todo-api/internal/routes/routes.go:25.3,27.2 2 0
example/todo-api/internal/routes/routes.go:27.2,30.3 3 0
example/todo-api/internal/routes/routes.go:30.3,37.4 6 0
example/todo-api/internal/routes/routes.go:39.3,40.3 2 0
example/todo-api/internal/routes/routes.go:40.3,43.4 2 0
example/todo-api/internal/routes/routes.go:46.2,46.70 1 0
example/todo-api/config/loadEnv.go:5.16,7.16 2 0
example/todo-api/config/loadEnv.go:7.16,8.35 1 0
example/todo-api/internal/middlewares/auth.go:15.66,16.30 1 0
example/todo-api/internal/middlewares/auth.go:16.30,20.23 3 0
example/todo-api/internal/middlewares/auth.go:20.23,26.4 3 0
example/todo-api/internal/middlewares/auth.go:27.3,29.54 2 0
example/todo-api/internal/middlewares/auth.go:29.54,35.4 3 0
example/todo-api/internal/middlewares/auth.go:37.3,39.84 2 0
example/todo-api/internal/middlewares/auth.go:39.84,40.59 1 0
example/todo-api/internal/middlewares/auth.go:40.59,42.5 1 0
example/todo-api/internal/middlewares/auth.go:43.4,43.47 1 0
example/todo-api/internal/middlewares/auth.go:46.3,46.35 1 0
example/todo-api/internal/middlewares/auth.go:46.35,50.4 3 0
example/todo-api/internal/middlewares/auth.go:52.3,54.10 2 0
example/todo-api/internal/middlewares/auth.go:54.10,58.4 3 0
example/todo-api/internal/middlewares/auth.go:60.3,60.59 1 0
example/todo-api/internal/middlewares/auth.go:60.59,64.4 3 0
example/todo-api/internal/middlewares/auth.go:66.3,68.33 2 0
example/todo-api/internal/middlewares/auth.go:68.33,72.4 3 0
example/todo-api/internal/middlewares/auth.go:74.3,75.11 2 0
example/todo-api/docs/docs.go:500.13,502.2 1 0
example/todo-api/cmd/main.go:23.13,54.2 15 0
example/todo-api/internal/models/todo.go:16.37,18.2 1 0
example/todo-api/internal/models/user.go:16.37,18.2 1 0
example/todo-api/internal/database/connect.go:13.30,18.16 3 0
example/todo-api/internal/database/connect.go:18.16,19.32 1 0
example/todo-api/internal/database/connect.go:22.2,23.16 2 0
example/todo-api/internal/database/connect.go:23.16,25.3 1 0
example/todo-api/internal/database/connect.go:27.2,27.15 1 0
example/todo-api/internal/database/connect.go:30.23,32.2 1 0
example/todo-api/internal/database/connect.go:34.16,36.16 2 0
example/todo-api/internal/database/connect.go:36.16,38.3 1 0
example/todo-api/internal/database/connect.go:40.2,41.16 2 0
example/todo-api/internal/database/connect.go:41.16,43.3 1 0
example/todo-api/internal/services/auth_service.go:19.51,23.2 1 0
example/todo-api/internal/services/auth_service.go:25.94,28.16 2 0
example/todo-api/internal/services/auth_service.go:28.16,31.3 2 0
example/todo-api/internal/services/auth_service.go:33.2,33.93 1 0
example/todo-api/internal/services/auth_service.go:33.93,36.3 2 0
example/todo-api/internal/services/auth_service.go:38.2,38.23 1 0
example/todo-api/internal/services/auth_service.go:41.67,50.16 3 0
example/todo-api/internal/services/auth_service.go:50.16,53.3 2 0
example/todo-api/internal/services/auth_service.go:55.2,55.19 1 0
example/todo-api/internal/services/auth_service.go:58.78,59.55 1 0
example/todo-api/internal/services/auth_service.go:59.55,61.3 1 0
example/todo-api/internal/services/auth_service.go:62.2,62.67 1 0
example/todo-api/internal/services/auth_service.go:65.45,67.2 1 0
example/todo-api/internal/services/todo_service.go:15.47,17.2 1 1
example/todo-api/internal/services/todo_service.go:19.87,26.19 3 1
example/todo-api/internal/services/todo_service.go:26.19,28.3 1 1
example/todo-api/internal/services/todo_service.go:29.2,30.23 2 1
example/todo-api/internal/services/todo_service.go:33.59,35.19 2 1
example/todo-api/internal/services/todo_service.go:35.19,37.3 1 1
example/todo-api/internal/services/todo_service.go:38.2,38.30 1 1
example/todo-api/internal/services/todo_service.go:41.66,45.2 3 1
example/todo-api/internal/services/todo_service.go:47.75,51.2 3 1
example/todo-api/internal/services/todo_service.go:53.60,58.2 3 1
example/todo-api/internal/services/todo_service.go:60.45,62.2 1 1
example/todo-api/internal/services/user_service.go:13.47,15.2 1 0
example/todo-api/internal/services/user_service.go:17.67,21.2 3 0
example/todo-api/internal/services/user_service.go:23.73,27.2 3 0
example/todo-api/internal/services/user_service.go:29.75,33.2 3 0
example/todo-api/internal/services/user_service.go:35.59,37.16 2 0
example/todo-api/internal/services/user_service.go:37.16,39.3 1 0
example/todo-api/internal/services/user_service.go:40.2,40.12 1 0
