mode: set
example/todo-api/internal/services/auth_service.go:19.51,23.2 1 0
example/todo-api/internal/services/auth_service.go:25.94,28.16 2 0
example/todo-api/internal/services/auth_service.go:28.16,31.3 2 0
example/todo-api/internal/services/auth_service.go:33.2,33.93 1 0
example/todo-api/internal/services/auth_service.go:33.93,36.3 2 0
example/todo-api/internal/services/auth_service.go:38.2,38.23 1 0
example/todo-api/internal/services/auth_service.go:41.67,50.16 3 0
example/todo-api/internal/services/auth_service.go:50.16,53.3 2 0
example/todo-api/internal/services/auth_service.go:55.2,55.19 1 0
example/todo-api/internal/services/auth_service.go:58.78,59.55 1 0
example/todo-api/internal/services/auth_service.go:59.55,61.3 1 0
example/todo-api/internal/services/auth_service.go:62.2,62.67 1 0
example/todo-api/internal/services/auth_service.go:65.45,67.2 1 0
example/todo-api/internal/services/todo_service.go:15.47,17.2 1 1
example/todo-api/internal/services/todo_service.go:19.67,26.19 3 1
example/todo-api/internal/services/todo_service.go:26.19,28.3 1 1
example/todo-api/internal/services/todo_service.go:29.2,29.37 1 1
example/todo-api/internal/services/todo_service.go:32.66,36.2 3 0
example/todo-api/internal/services/todo_service.go:38.77,42.2 3 0
example/todo-api/internal/services/todo_service.go:44.60,49.2 3 0
example/todo-api/internal/services/todo_service.go:51.59,53.2 1 1
example/todo-api/internal/services/todo_service.go:55.45,57.2 1 0
example/todo-api/internal/services/user_service.go:13.47,15.2 1 0
example/todo-api/internal/services/user_service.go:17.67,21.2 3 0
example/todo-api/internal/services/user_service.go:23.73,27.2 3 0
example/todo-api/internal/services/user_service.go:29.75,33.2 3 0
example/todo-api/internal/services/user_service.go:35.59,37.16 2 0
example/todo-api/internal/services/user_service.go:37.16,39.3 1 0
example/todo-api/internal/services/user_service.go:40.2,40.12 1 0
